d:\c++ projects\builderpattern\builderpattern\debug\builderpattern.pch
d:\c++ projects\builderpattern\builderpattern\debug\vc140.pdb
d:\c++ projects\builderpattern\builderpattern\debug\vc140.idb
d:\c++ projects\builderpattern\builderpattern\debug\stdafx.obj
d:\c++ projects\builderpattern\builderpattern\debug\builderpattern.obj
d:\c++ projects\builderpattern\builderpattern\debug\person.obj
d:\c++ projects\builderpattern\debug\builderpattern.ilk
d:\c++ projects\builderpattern\debug\builderpattern.exe
d:\c++ projects\builderpattern\debug\builderpattern.pdb
d:\github\object-oriented-design\builderpattern\builderpattern\debug\builderpattern.obj
d:\github\object-oriented-design\builderpattern\builderpattern\debug\person.obj
d:\github\object-oriented-design\builderpattern\builderpattern\debug\stdafx.obj
d:\github\object-oriented-design\builderpattern\builderpattern\debug\builderpattern.pch
d:\github\object-oriented-design\builderpattern\builderpattern\debug\vc140.idb
d:\github\object-oriented-design\builderpattern\builderpattern\debug\vc140.pdb
d:\github\object-oriented-design\builderpattern\debug\builderpattern.pdb
d:\github\object-oriented-design\builderpattern\debug\builderpattern.exe
d:\github\object-oriented-design\builderpattern\debug\builderpattern.ilk
d:\github\object-oriented-design\builderpattern\builderpattern\debug\builderpattern.tlog\cl.command.1.tlog
d:\github\object-oriented-design\builderpattern\builderpattern\debug\builderpattern.tlog\cl.read.1.tlog
d:\github\object-oriented-design\builderpattern\builderpattern\debug\builderpattern.tlog\cl.write.1.tlog
d:\github\object-oriented-design\builderpattern\builderpattern\debug\builderpattern.tlog\link.command.1.tlog
d:\github\object-oriented-design\builderpattern\builderpattern\debug\builderpattern.tlog\link.read.1.tlog
d:\github\object-oriented-design\builderpattern\builderpattern\debug\builderpattern.tlog\link.write.1.tlog
